<?xml version="1.0" encoding="UTF-8"?>
<testsuite xmlns:xsi="http://www.w3.org/2001/XMLSchema-instance" xsi:noNamespaceSchemaLocation="https://maven.apache.org/surefire/maven-surefire-plugin/xsd/surefire-test-report.xsd" version="3.0.2" name="com.in28minutes.microservices.camel_microservice_b.CamelMicroserviceBApplicationTests" time="2.672" tests="1" errors="0" skipped="0" failures="0">
  <properties>
    <property name="java.specification.version" value="17"/>
    <property name="sun.jnu.encoding" value="UTF-8"/>
    <property name="java.class.path" value="/home/dayse/Documentos/workspaces/projeto-camel-a-b/projeto-camel-b/target/test-classes:/home/dayse/Documentos/workspaces/projeto-camel-a-b/projeto-camel-b/target/classes:/home/dayse/.m2/repository/org/springframework/boot/spring-boot-starter-actuator/3.4.5/spring-boot-starter-actuator-3.4.5.jar:/home/dayse/.m2/repository/org/springframework/boot/spring-boot-starter/3.4.5/spring-boot-starter-3.4.5.jar:/home/dayse/.m2/repository/org/springframework/boot/spring-boot-starter-logging/3.4.5/spring-boot-starter-logging-3.4.5.jar:/home/dayse/.m2/repository/ch/qos/logback/logback-classic/1.5.18/logback-classic-1.5.18.jar:/home/dayse/.m2/repository/ch/qos/logback/logback-core/1.5.18/logback-core-1.5.18.jar:/home/dayse/.m2/repository/org/apache/logging/log4j/log4j-to-slf4j/2.24.3/log4j-to-slf4j-2.24.3.jar:/home/dayse/.m2/repository/org/apache/logging/log4j/log4j-api/2.24.3/log4j-api-2.24.3.jar:/home/dayse/.m2/repository/org/slf4j/jul-to-slf4j/2.0.17/jul-to-slf4j-2.0.17.jar:/home/dayse/.m2/repository/jakarta/annotation/jakarta.annotation-api/2.1.1/jakarta.annotation-api-2.1.1.jar:/home/dayse/.m2/repository/org/yaml/snakeyaml/2.3/snakeyaml-2.3.jar:/home/dayse/.m2/repository/org/springframework/boot/spring-boot-actuator-autoconfigure/3.4.5/spring-boot-actuator-autoconfigure-3.4.5.jar:/home/dayse/.m2/repository/org/springframework/boot/spring-boot-actuator/3.4.5/spring-boot-actuator-3.4.5.jar:/home/dayse/.m2/repository/com/fasterxml/jackson/core/jackson-databind/2.18.3/jackson-databind-2.18.3.jar:/home/dayse/.m2/repository/com/fasterxml/jackson/core/jackson-annotations/2.18.3/jackson-annotations-2.18.3.jar:/home/dayse/.m2/repository/com/fasterxml/jackson/core/jackson-core/2.18.3/jackson-core-2.18.3.jar:/home/dayse/.m2/repository/com/fasterxml/jackson/datatype/jackson-datatype-jsr310/2.18.3/jackson-datatype-jsr310-2.18.3.jar:/home/dayse/.m2/repository/io/micrometer/micrometer-observation/1.14.6/micrometer-observation-1.14.6.jar:/home/dayse/.m2/repository/io/micrometer/micrometer-commons/1.14.6/micrometer-commons-1.14.6.jar:/home/dayse/.m2/repository/io/micrometer/micrometer-jakarta9/1.14.6/micrometer-jakarta9-1.14.6.jar:/home/dayse/.m2/repository/io/micrometer/micrometer-core/1.14.6/micrometer-core-1.14.6.jar:/home/dayse/.m2/repository/org/hdrhistogram/HdrHistogram/2.2.2/HdrHistogram-2.2.2.jar:/home/dayse/.m2/repository/org/latencyutils/LatencyUtils/2.0.3/LatencyUtils-2.0.3.jar:/home/dayse/.m2/repository/org/springframework/boot/spring-boot-starter-web/3.4.5/spring-boot-starter-web-3.4.5.jar:/home/dayse/.m2/repository/org/springframework/boot/spring-boot-starter-json/3.4.5/spring-boot-starter-json-3.4.5.jar:/home/dayse/.m2/repository/com/fasterxml/jackson/datatype/jackson-datatype-jdk8/2.18.3/jackson-datatype-jdk8-2.18.3.jar:/home/dayse/.m2/repository/com/fasterxml/jackson/module/jackson-module-parameter-names/2.18.3/jackson-module-parameter-names-2.18.3.jar:/home/dayse/.m2/repository/org/springframework/boot/spring-boot-starter-tomcat/3.4.5/spring-boot-starter-tomcat-3.4.5.jar:/home/dayse/.m2/repository/org/apache/tomcat/embed/tomcat-embed-core/10.1.40/tomcat-embed-core-10.1.40.jar:/home/dayse/.m2/repository/org/apache/tomcat/embed/tomcat-embed-el/10.1.40/tomcat-embed-el-10.1.40.jar:/home/dayse/.m2/repository/org/apache/tomcat/embed/tomcat-embed-websocket/10.1.40/tomcat-embed-websocket-10.1.40.jar:/home/dayse/.m2/repository/org/springframework/spring-web/6.2.6/spring-web-6.2.6.jar:/home/dayse/.m2/repository/org/springframework/spring-beans/6.2.6/spring-beans-6.2.6.jar:/home/dayse/.m2/repository/org/springframework/spring-webmvc/6.2.6/spring-webmvc-6.2.6.jar:/home/dayse/.m2/repository/org/springframework/spring-aop/6.2.6/spring-aop-6.2.6.jar:/home/dayse/.m2/repository/org/springframework/spring-context/6.2.6/spring-context-6.2.6.jar:/home/dayse/.m2/repository/org/springframework/spring-expression/6.2.6/spring-expression-6.2.6.jar:/home/dayse/.m2/repository/org/apache/camel/springboot/camel-spring-boot-starter/4.11.0/camel-spring-boot-starter-4.11.0.jar:/home/dayse/.m2/repository/org/apache/camel/springboot/camel-spring-boot/4.11.0/camel-spring-boot-4.11.0.jar:/home/dayse/.m2/repository/org/apache/camel/camel-spring/4.11.0/camel-spring-4.11.0.jar:/home/dayse/.m2/repository/org/apache/camel/camel-management-api/4.11.0/camel-management-api-4.11.0.jar:/home/dayse/.m2/repository/org/springframework/spring-tx/6.2.6/spring-tx-6.2.6.jar:/home/dayse/.m2/repository/org/apache/camel/camel-spring-main/4.11.0/camel-spring-main-4.11.0.jar:/home/dayse/.m2/repository/org/apache/camel/camel-main/4.11.0/camel-main-4.11.0.jar:/home/dayse/.m2/repository/org/apache/camel/camel-base/4.11.0/camel-base-4.11.0.jar:/home/dayse/.m2/repository/org/apache/camel/camel-core-languages/4.11.0/camel-core-languages-4.11.0.jar:/home/dayse/.m2/repository/org/apache/camel/camel-util-json/4.11.0/camel-util-json-4.11.0.jar:/home/dayse/.m2/repository/org/apache/camel/camel-cloud/4.11.0/camel-cloud-4.11.0.jar:/home/dayse/.m2/repository/org/apache/camel/camel-core-model/4.11.0/camel-core-model-4.11.0.jar:/home/dayse/.m2/repository/org/apache/camel/camel-core-processor/4.11.0/camel-core-processor-4.11.0.jar:/home/dayse/.m2/repository/org/apache/camel/camel-cluster/4.11.0/camel-cluster-4.11.0.jar:/home/dayse/.m2/repository/org/apache/camel/camel-base-engine/4.11.0/camel-base-engine-4.11.0.jar:/home/dayse/.m2/repository/org/apache/camel/camel-health/4.11.0/camel-health-4.11.0.jar:/home/dayse/.m2/repository/org/apache/camel/springboot/camel-core-starter/4.11.0/camel-core-starter-4.11.0.jar:/home/dayse/.m2/repository/org/apache/camel/camel-core-engine/4.11.0/camel-core-engine-4.11.0.jar:/home/dayse/.m2/repository/org/apache/camel/camel-api/4.11.0/camel-api-4.11.0.jar:/home/dayse/.m2/repository/org/apache/camel/camel-core-reifier/4.11.0/camel-core-reifier-4.11.0.jar:/home/dayse/.m2/repository/org/apache/camel/camel-support/4.11.0/camel-support-4.11.0.jar:/home/dayse/.m2/repository/org/apache/camel/camel-util/4.11.0/camel-util-4.11.0.jar:/home/dayse/.m2/repository/org/apache/camel/springboot/camel-bean-starter/4.11.0/camel-bean-starter-4.11.0.jar:/home/dayse/.m2/repository/org/apache/camel/camel-bean/4.11.0/camel-bean-4.11.0.jar:/home/dayse/.m2/repository/org/apache/camel/springboot/camel-browse-starter/4.11.0/camel-browse-starter-4.11.0.jar:/home/dayse/.m2/repository/org/apache/camel/camel-browse/4.11.0/camel-browse-4.11.0.jar:/home/dayse/.m2/repository/org/apache/camel/springboot/camel-controlbus-starter/4.11.0/camel-controlbus-starter-4.11.0.jar:/home/dayse/.m2/repository/org/apache/camel/camel-controlbus/4.11.0/camel-controlbus-4.11.0.jar:/home/dayse/.m2/repository/org/apache/camel/springboot/camel-dataformat-starter/4.11.0/camel-dataformat-starter-4.11.0.jar:/home/dayse/.m2/repository/org/apache/camel/camel-dataformat/4.11.0/camel-dataformat-4.11.0.jar:/home/dayse/.m2/repository/org/apache/camel/springboot/camel-dataset-starter/4.11.0/camel-dataset-starter-4.11.0.jar:/home/dayse/.m2/repository/org/apache/camel/camel-dataset/4.11.0/camel-dataset-4.11.0.jar:/home/dayse/.m2/repository/org/apache/camel/springboot/camel-direct-starter/4.11.0/camel-direct-starter-4.11.0.jar:/home/dayse/.m2/repository/org/apache/camel/camel-direct/4.11.0/camel-direct-4.11.0.jar:/home/dayse/.m2/repository/org/apache/camel/springboot/camel-file-starter/4.11.0/camel-file-starter-4.11.0.jar:/home/dayse/.m2/repository/org/apache/camel/camel-file/4.11.0/camel-file-4.11.0.jar:/home/dayse/.m2/repository/commons-codec/commons-codec/1.17.2/commons-codec-1.17.2.jar:/home/dayse/.m2/repository/org/apache/camel/springboot/camel-language-starter/4.11.0/camel-language-starter-4.11.0.jar:/home/dayse/.m2/repository/org/apache/camel/camel-language/4.11.0/camel-language-4.11.0.jar:/home/dayse/.m2/repository/org/apache/camel/springboot/camel-log-starter/4.11.0/camel-log-starter-4.11.0.jar:/home/dayse/.m2/repository/org/apache/camel/camel-log/4.11.0/camel-log-4.11.0.jar:/home/dayse/.m2/repository/org/apache/camel/springboot/camel-mock-starter/4.11.0/camel-mock-starter-4.11.0.jar:/home/dayse/.m2/repository/org/apache/camel/camel-mock/4.11.0/camel-mock-4.11.0.jar:/home/dayse/.m2/repository/org/apache/camel/springboot/camel-ref-starter/4.11.0/camel-ref-starter-4.11.0.jar:/home/dayse/.m2/repository/org/apache/camel/camel-ref/4.11.0/camel-ref-4.11.0.jar:/home/dayse/.m2/repository/org/apache/camel/springboot/camel-rest-starter/4.11.0/camel-rest-starter-4.11.0.jar:/home/dayse/.m2/repository/org/apache/camel/camel-rest/4.11.0/camel-rest-4.11.0.jar:/home/dayse/.m2/repository/org/apache/camel/camel-tooling-model/4.11.0/camel-tooling-model-4.11.0.jar:/home/dayse/.m2/repository/org/apache/camel/springboot/camel-saga-starter/4.11.0/camel-saga-starter-4.11.0.jar:/home/dayse/.m2/repository/org/apache/camel/camel-saga/4.11.0/camel-saga-4.11.0.jar:/home/dayse/.m2/repository/org/apache/camel/springboot/camel-scheduler-starter/4.11.0/camel-scheduler-starter-4.11.0.jar:/home/dayse/.m2/repository/org/apache/camel/camel-scheduler/4.11.0/camel-scheduler-4.11.0.jar:/home/dayse/.m2/repository/org/apache/camel/springboot/camel-seda-starter/4.11.0/camel-seda-starter-4.11.0.jar:/home/dayse/.m2/repository/org/apache/camel/camel-seda/4.11.0/camel-seda-4.11.0.jar:/home/dayse/.m2/repository/org/apache/camel/springboot/camel-stub-starter/4.11.0/camel-stub-starter-4.11.0.jar:/home/dayse/.m2/repository/org/apache/camel/camel-stub/4.11.0/camel-stub-4.11.0.jar:/home/dayse/.m2/repository/org/apache/camel/springboot/camel-timer-starter/4.11.0/camel-timer-starter-4.11.0.jar:/home/dayse/.m2/repository/org/apache/camel/camel-timer/4.11.0/camel-timer-4.11.0.jar:/home/dayse/.m2/repository/org/apache/camel/springboot/camel-validator-starter/4.11.0/camel-validator-starter-4.11.0.jar:/home/dayse/.m2/repository/org/apache/camel/camel-validator/4.11.0/camel-validator-4.11.0.jar:/home/dayse/.m2/repository/org/apache/camel/springboot/camel-xpath-starter/4.11.0/camel-xpath-starter-4.11.0.jar:/home/dayse/.m2/repository/org/apache/camel/camel-xpath/4.11.0/camel-xpath-4.11.0.jar:/home/dayse/.m2/repository/org/apache/camel/springboot/camel-xslt-starter/4.11.0/camel-xslt-starter-4.11.0.jar:/home/dayse/.m2/repository/org/apache/camel/camel-xslt/4.11.0/camel-xslt-4.11.0.jar:/home/dayse/.m2/repository/org/apache/camel/springboot/camel-xml-jaxp-starter/4.11.0/camel-xml-jaxp-starter-4.11.0.jar:/home/dayse/.m2/repository/org/apache/camel/camel-xml-jaxp/4.11.0/camel-xml-jaxp-4.11.0.jar:/home/dayse/.m2/repository/org/apache/camel/camel-xml-jaxp-util/4.11.0/camel-xml-jaxp-util-4.11.0.jar:/home/dayse/.m2/repository/org/apache/camel/camel-xml-io-util/4.11.0/camel-xml-io-util-4.11.0.jar:/home/dayse/.m2/repository/org/apache/camel/springboot/camel-activemq-starter/4.11.0/camel-activemq-starter-4.11.0.jar:/home/dayse/.m2/repository/org/apache/camel/camel-activemq/4.11.0/camel-activemq-4.11.0.jar:/home/dayse/.m2/repository/org/apache/camel/camel-jms/4.11.0/camel-jms-4.11.0.jar:/home/dayse/.m2/repository/org/springframework/spring-jms/6.2.6/spring-jms-6.2.6.jar:/home/dayse/.m2/repository/org/springframework/spring-messaging/6.2.6/spring-messaging-6.2.6.jar:/home/dayse/.m2/repository/jakarta/jms/jakarta.jms-api/3.1.0/jakarta.jms-api-3.1.0.jar:/home/dayse/.m2/repository/org/apache/activemq/activemq-client-jakarta/5.19.0/activemq-client-jakarta-5.19.0.jar:/home/dayse/.m2/repository/org/fusesource/hawtbuf/hawtbuf/1.11/hawtbuf-1.11.jar:/home/dayse/.m2/repository/org/springframework/boot/spring-boot-devtools/3.4.5/spring-boot-devtools-3.4.5.jar:/home/dayse/.m2/repository/org/springframework/boot/spring-boot/3.4.5/spring-boot-3.4.5.jar:/home/dayse/.m2/repository/org/springframework/boot/spring-boot-autoconfigure/3.4.5/spring-boot-autoconfigure-3.4.5.jar:/home/dayse/.m2/repository/org/springframework/boot/spring-boot-starter-test/3.4.5/spring-boot-starter-test-3.4.5.jar:/home/dayse/.m2/repository/org/springframework/boot/spring-boot-test/3.4.5/spring-boot-test-3.4.5.jar:/home/dayse/.m2/repository/org/springframework/boot/spring-boot-test-autoconfigure/3.4.5/spring-boot-test-autoconfigure-3.4.5.jar:/home/dayse/.m2/repository/com/jayway/jsonpath/json-path/2.9.0/json-path-2.9.0.jar:/home/dayse/.m2/repository/org/slf4j/slf4j-api/2.0.17/slf4j-api-2.0.17.jar:/home/dayse/.m2/repository/jakarta/xml/bind/jakarta.xml.bind-api/4.0.2/jakarta.xml.bind-api-4.0.2.jar:/home/dayse/.m2/repository/jakarta/activation/jakarta.activation-api/2.1.3/jakarta.activation-api-2.1.3.jar:/home/dayse/.m2/repository/net/minidev/json-smart/2.5.2/json-smart-2.5.2.jar:/home/dayse/.m2/repository/net/minidev/accessors-smart/2.5.2/accessors-smart-2.5.2.jar:/home/dayse/.m2/repository/org/ow2/asm/asm/9.7.1/asm-9.7.1.jar:/home/dayse/.m2/repository/org/assertj/assertj-core/3.26.3/assertj-core-3.26.3.jar:/home/dayse/.m2/repository/net/bytebuddy/byte-buddy/1.15.11/byte-buddy-1.15.11.jar:/home/dayse/.m2/repository/org/awaitility/awaitility/4.2.2/awaitility-4.2.2.jar:/home/dayse/.m2/repository/org/hamcrest/hamcrest/2.2/hamcrest-2.2.jar:/home/dayse/.m2/repository/org/junit/jupiter/junit-jupiter/5.11.4/junit-jupiter-5.11.4.jar:/home/dayse/.m2/repository/org/junit/jupiter/junit-jupiter-api/5.11.4/junit-jupiter-api-5.11.4.jar:/home/dayse/.m2/repository/org/opentest4j/opentest4j/1.3.0/opentest4j-1.3.0.jar:/home/dayse/.m2/repository/org/junit/platform/junit-platform-commons/1.11.4/junit-platform-commons-1.11.4.jar:/home/dayse/.m2/repository/org/apiguardian/apiguardian-api/1.1.2/apiguardian-api-1.1.2.jar:/home/dayse/.m2/repository/org/junit/jupiter/junit-jupiter-params/5.11.4/junit-jupiter-params-5.11.4.jar:/home/dayse/.m2/repository/org/junit/jupiter/junit-jupiter-engine/5.11.4/junit-jupiter-engine-5.11.4.jar:/home/dayse/.m2/repository/org/junit/platform/junit-platform-engine/1.11.4/junit-platform-engine-1.11.4.jar:/home/dayse/.m2/repository/org/mockito/mockito-core/5.14.2/mockito-core-5.14.2.jar:/home/dayse/.m2/repository/net/bytebuddy/byte-buddy-agent/1.15.11/byte-buddy-agent-1.15.11.jar:/home/dayse/.m2/repository/org/objenesis/objenesis/3.3/objenesis-3.3.jar:/home/dayse/.m2/repository/org/mockito/mockito-junit-jupiter/5.14.2/mockito-junit-jupiter-5.14.2.jar:/home/dayse/.m2/repository/org/skyscreamer/jsonassert/1.5.3/jsonassert-1.5.3.jar:/home/dayse/.m2/repository/com/vaadin/external/google/android-json/0.0.20131108.vaadin1/android-json-0.0.20131108.vaadin1.jar:/home/dayse/.m2/repository/org/springframework/spring-core/6.2.6/spring-core-6.2.6.jar:/home/dayse/.m2/repository/org/springframework/spring-jcl/6.2.6/spring-jcl-6.2.6.jar:/home/dayse/.m2/repository/org/springframework/spring-test/6.2.6/spring-test-6.2.6.jar:/home/dayse/.m2/repository/org/xmlunit/xmlunit-core/2.10.0/xmlunit-core-2.10.0.jar:"/>
    <property name="java.vm.vendor" value="Ubuntu"/>
    <property name="sun.arch.data.model" value="64"/>
    <property name="java.vendor.url" value="https://ubuntu.com/"/>
    <property name="user.timezone" value="America/Maceio"/>
    <property name="os.name" value="Linux"/>
    <property name="java.vm.specification.version" value="17"/>
    <property name="APPLICATION_NAME" value="camel-microservice-b"/>
    <property name="sun.java.launcher" value="SUN_STANDARD"/>
    <property name="user.country" value="BR"/>
    <property name="sun.boot.library.path" value="/usr/lib/jvm/java-17-openjdk-amd64/lib"/>
    <property name="sun.java.command" value="/home/dayse/Documentos/workspaces/projeto-camel-a-b/projeto-camel-b/target/surefire/surefirebooter-20250505141517261_3.jar /home/dayse/Documentos/workspaces/projeto-camel-a-b/projeto-camel-b/target/surefire 2025-05-05T14-15-17_204-jvmRun1 surefire-20250505141517261_1tmp surefire_0-20250505141517261_2tmp"/>
    <property name="jdk.debug" value="release"/>
    <property name="surefire.test.class.path" value="/home/dayse/Documentos/workspaces/projeto-camel-a-b/projeto-camel-b/target/test-classes:/home/dayse/Documentos/workspaces/projeto-camel-a-b/projeto-camel-b/target/classes:/home/dayse/.m2/repository/org/springframework/boot/spring-boot-starter-actuator/3.4.5/spring-boot-starter-actuator-3.4.5.jar:/home/dayse/.m2/repository/org/springframework/boot/spring-boot-starter/3.4.5/spring-boot-starter-3.4.5.jar:/home/dayse/.m2/repository/org/springframework/boot/spring-boot-starter-logging/3.4.5/spring-boot-starter-logging-3.4.5.jar:/home/dayse/.m2/repository/ch/qos/logback/logback-classic/1.5.18/logback-classic-1.5.18.jar:/home/dayse/.m2/repository/ch/qos/logback/logback-core/1.5.18/logback-core-1.5.18.jar:/home/dayse/.m2/repository/org/apache/logging/log4j/log4j-to-slf4j/2.24.3/log4j-to-slf4j-2.24.3.jar:/home/dayse/.m2/repository/org/apache/logging/log4j/log4j-api/2.24.3/log4j-api-2.24.3.jar:/home/dayse/.m2/repository/org/slf4j/jul-to-slf4j/2.0.17/jul-to-slf4j-2.0.17.jar:/home/dayse/.m2/repository/jakarta/annotation/jakarta.annotation-api/2.1.1/jakarta.annotation-api-2.1.1.jar:/home/dayse/.m2/repository/org/yaml/snakeyaml/2.3/snakeyaml-2.3.jar:/home/dayse/.m2/repository/org/springframework/boot/spring-boot-actuator-autoconfigure/3.4.5/spring-boot-actuator-autoconfigure-3.4.5.jar:/home/dayse/.m2/repository/org/springframework/boot/spring-boot-actuator/3.4.5/spring-boot-actuator-3.4.5.jar:/home/dayse/.m2/repository/com/fasterxml/jackson/core/jackson-databind/2.18.3/jackson-databind-2.18.3.jar:/home/dayse/.m2/repository/com/fasterxml/jackson/core/jackson-annotations/2.18.3/jackson-annotations-2.18.3.jar:/home/dayse/.m2/repository/com/fasterxml/jackson/core/jackson-core/2.18.3/jackson-core-2.18.3.jar:/home/dayse/.m2/repository/com/fasterxml/jackson/datatype/jackson-datatype-jsr310/2.18.3/jackson-datatype-jsr310-2.18.3.jar:/home/dayse/.m2/repository/io/micrometer/micrometer-observation/1.14.6/micrometer-observation-1.14.6.jar:/home/dayse/.m2/repository/io/micrometer/micrometer-commons/1.14.6/micrometer-commons-1.14.6.jar:/home/dayse/.m2/repository/io/micrometer/micrometer-jakarta9/1.14.6/micrometer-jakarta9-1.14.6.jar:/home/dayse/.m2/repository/io/micrometer/micrometer-core/1.14.6/micrometer-core-1.14.6.jar:/home/dayse/.m2/repository/org/hdrhistogram/HdrHistogram/2.2.2/HdrHistogram-2.2.2.jar:/home/dayse/.m2/repository/org/latencyutils/LatencyUtils/2.0.3/LatencyUtils-2.0.3.jar:/home/dayse/.m2/repository/org/springframework/boot/spring-boot-starter-web/3.4.5/spring-boot-starter-web-3.4.5.jar:/home/dayse/.m2/repository/org/springframework/boot/spring-boot-starter-json/3.4.5/spring-boot-starter-json-3.4.5.jar:/home/dayse/.m2/repository/com/fasterxml/jackson/datatype/jackson-datatype-jdk8/2.18.3/jackson-datatype-jdk8-2.18.3.jar:/home/dayse/.m2/repository/com/fasterxml/jackson/module/jackson-module-parameter-names/2.18.3/jackson-module-parameter-names-2.18.3.jar:/home/dayse/.m2/repository/org/springframework/boot/spring-boot-starter-tomcat/3.4.5/spring-boot-starter-tomcat-3.4.5.jar:/home/dayse/.m2/repository/org/apache/tomcat/embed/tomcat-embed-core/10.1.40/tomcat-embed-core-10.1.40.jar:/home/dayse/.m2/repository/org/apache/tomcat/embed/tomcat-embed-el/10.1.40/tomcat-embed-el-10.1.40.jar:/home/dayse/.m2/repository/org/apache/tomcat/embed/tomcat-embed-websocket/10.1.40/tomcat-embed-websocket-10.1.40.jar:/home/dayse/.m2/repository/org/springframework/spring-web/6.2.6/spring-web-6.2.6.jar:/home/dayse/.m2/repository/org/springframework/spring-beans/6.2.6/spring-beans-6.2.6.jar:/home/dayse/.m2/repository/org/springframework/spring-webmvc/6.2.6/spring-webmvc-6.2.6.jar:/home/dayse/.m2/repository/org/springframework/spring-aop/6.2.6/spring-aop-6.2.6.jar:/home/dayse/.m2/repository/org/springframework/spring-context/6.2.6/spring-context-6.2.6.jar:/home/dayse/.m2/repository/org/springframework/spring-expression/6.2.6/spring-expression-6.2.6.jar:/home/dayse/.m2/repository/org/apache/camel/springboot/camel-spring-boot-starter/4.11.0/camel-spring-boot-starter-4.11.0.jar:/home/dayse/.m2/repository/org/apache/camel/springboot/camel-spring-boot/4.11.0/camel-spring-boot-4.11.0.jar:/home/dayse/.m2/repository/org/apache/camel/camel-spring/4.11.0/camel-spring-4.11.0.jar:/home/dayse/.m2/repository/org/apache/camel/camel-management-api/4.11.0/camel-management-api-4.11.0.jar:/home/dayse/.m2/repository/org/springframework/spring-tx/6.2.6/spring-tx-6.2.6.jar:/home/dayse/.m2/repository/org/apache/camel/camel-spring-main/4.11.0/camel-spring-main-4.11.0.jar:/home/dayse/.m2/repository/org/apache/camel/camel-main/4.11.0/camel-main-4.11.0.jar:/home/dayse/.m2/repository/org/apache/camel/camel-base/4.11.0/camel-base-4.11.0.jar:/home/dayse/.m2/repository/org/apache/camel/camel-core-languages/4.11.0/camel-core-languages-4.11.0.jar:/home/dayse/.m2/repository/org/apache/camel/camel-util-json/4.11.0/camel-util-json-4.11.0.jar:/home/dayse/.m2/repository/org/apache/camel/camel-cloud/4.11.0/camel-cloud-4.11.0.jar:/home/dayse/.m2/repository/org/apache/camel/camel-core-model/4.11.0/camel-core-model-4.11.0.jar:/home/dayse/.m2/repository/org/apache/camel/camel-core-processor/4.11.0/camel-core-processor-4.11.0.jar:/home/dayse/.m2/repository/org/apache/camel/camel-cluster/4.11.0/camel-cluster-4.11.0.jar:/home/dayse/.m2/repository/org/apache/camel/camel-base-engine/4.11.0/camel-base-engine-4.11.0.jar:/home/dayse/.m2/repository/org/apache/camel/camel-health/4.11.0/camel-health-4.11.0.jar:/home/dayse/.m2/repository/org/apache/camel/springboot/camel-core-starter/4.11.0/camel-core-starter-4.11.0.jar:/home/dayse/.m2/repository/org/apache/camel/camel-core-engine/4.11.0/camel-core-engine-4.11.0.jar:/home/dayse/.m2/repository/org/apache/camel/camel-api/4.11.0/camel-api-4.11.0.jar:/home/dayse/.m2/repository/org/apache/camel/camel-core-reifier/4.11.0/camel-core-reifier-4.11.0.jar:/home/dayse/.m2/repository/org/apache/camel/camel-support/4.11.0/camel-support-4.11.0.jar:/home/dayse/.m2/repository/org/apache/camel/camel-util/4.11.0/camel-util-4.11.0.jar:/home/dayse/.m2/repository/org/apache/camel/springboot/camel-bean-starter/4.11.0/camel-bean-starter-4.11.0.jar:/home/dayse/.m2/repository/org/apache/camel/camel-bean/4.11.0/camel-bean-4.11.0.jar:/home/dayse/.m2/repository/org/apache/camel/springboot/camel-browse-starter/4.11.0/camel-browse-starter-4.11.0.jar:/home/dayse/.m2/repository/org/apache/camel/camel-browse/4.11.0/camel-browse-4.11.0.jar:/home/dayse/.m2/repository/org/apache/camel/springboot/camel-controlbus-starter/4.11.0/camel-controlbus-starter-4.11.0.jar:/home/dayse/.m2/repository/org/apache/camel/camel-controlbus/4.11.0/camel-controlbus-4.11.0.jar:/home/dayse/.m2/repository/org/apache/camel/springboot/camel-dataformat-starter/4.11.0/camel-dataformat-starter-4.11.0.jar:/home/dayse/.m2/repository/org/apache/camel/camel-dataformat/4.11.0/camel-dataformat-4.11.0.jar:/home/dayse/.m2/repository/org/apache/camel/springboot/camel-dataset-starter/4.11.0/camel-dataset-starter-4.11.0.jar:/home/dayse/.m2/repository/org/apache/camel/camel-dataset/4.11.0/camel-dataset-4.11.0.jar:/home/dayse/.m2/repository/org/apache/camel/springboot/camel-direct-starter/4.11.0/camel-direct-starter-4.11.0.jar:/home/dayse/.m2/repository/org/apache/camel/camel-direct/4.11.0/camel-direct-4.11.0.jar:/home/dayse/.m2/repository/org/apache/camel/springboot/camel-file-starter/4.11.0/camel-file-starter-4.11.0.jar:/home/dayse/.m2/repository/org/apache/camel/camel-file/4.11.0/camel-file-4.11.0.jar:/home/dayse/.m2/repository/commons-codec/commons-codec/1.17.2/commons-codec-1.17.2.jar:/home/dayse/.m2/repository/org/apache/camel/springboot/camel-language-starter/4.11.0/camel-language-starter-4.11.0.jar:/home/dayse/.m2/repository/org/apache/camel/camel-language/4.11.0/camel-language-4.11.0.jar:/home/dayse/.m2/repository/org/apache/camel/springboot/camel-log-starter/4.11.0/camel-log-starter-4.11.0.jar:/home/dayse/.m2/repository/org/apache/camel/camel-log/4.11.0/camel-log-4.11.0.jar:/home/dayse/.m2/repository/org/apache/camel/springboot/camel-mock-starter/4.11.0/camel-mock-starter-4.11.0.jar:/home/dayse/.m2/repository/org/apache/camel/camel-mock/4.11.0/camel-mock-4.11.0.jar:/home/dayse/.m2/repository/org/apache/camel/springboot/camel-ref-starter/4.11.0/camel-ref-starter-4.11.0.jar:/home/dayse/.m2/repository/org/apache/camel/camel-ref/4.11.0/camel-ref-4.11.0.jar:/home/dayse/.m2/repository/org/apache/camel/springboot/camel-rest-starter/4.11.0/camel-rest-starter-4.11.0.jar:/home/dayse/.m2/repository/org/apache/camel/camel-rest/4.11.0/camel-rest-4.11.0.jar:/home/dayse/.m2/repository/org/apache/camel/camel-tooling-model/4.11.0/camel-tooling-model-4.11.0.jar:/home/dayse/.m2/repository/org/apache/camel/springboot/camel-saga-starter/4.11.0/camel-saga-starter-4.11.0.jar:/home/dayse/.m2/repository/org/apache/camel/camel-saga/4.11.0/camel-saga-4.11.0.jar:/home/dayse/.m2/repository/org/apache/camel/springboot/camel-scheduler-starter/4.11.0/camel-scheduler-starter-4.11.0.jar:/home/dayse/.m2/repository/org/apache/camel/camel-scheduler/4.11.0/camel-scheduler-4.11.0.jar:/home/dayse/.m2/repository/org/apache/camel/springboot/camel-seda-starter/4.11.0/camel-seda-starter-4.11.0.jar:/home/dayse/.m2/repository/org/apache/camel/camel-seda/4.11.0/camel-seda-4.11.0.jar:/home/dayse/.m2/repository/org/apache/camel/springboot/camel-stub-starter/4.11.0/camel-stub-starter-4.11.0.jar:/home/dayse/.m2/repository/org/apache/camel/camel-stub/4.11.0/camel-stub-4.11.0.jar:/home/dayse/.m2/repository/org/apache/camel/springboot/camel-timer-starter/4.11.0/camel-timer-starter-4.11.0.jar:/home/dayse/.m2/repository/org/apache/camel/camel-timer/4.11.0/camel-timer-4.11.0.jar:/home/dayse/.m2/repository/org/apache/camel/springboot/camel-validator-starter/4.11.0/camel-validator-starter-4.11.0.jar:/home/dayse/.m2/repository/org/apache/camel/camel-validator/4.11.0/camel-validator-4.11.0.jar:/home/dayse/.m2/repository/org/apache/camel/springboot/camel-xpath-starter/4.11.0/camel-xpath-starter-4.11.0.jar:/home/dayse/.m2/repository/org/apache/camel/camel-xpath/4.11.0/camel-xpath-4.11.0.jar:/home/dayse/.m2/repository/org/apache/camel/springboot/camel-xslt-starter/4.11.0/camel-xslt-starter-4.11.0.jar:/home/dayse/.m2/repository/org/apache/camel/camel-xslt/4.11.0/camel-xslt-4.11.0.jar:/home/dayse/.m2/repository/org/apache/camel/springboot/camel-xml-jaxp-starter/4.11.0/camel-xml-jaxp-starter-4.11.0.jar:/home/dayse/.m2/repository/org/apache/camel/camel-xml-jaxp/4.11.0/camel-xml-jaxp-4.11.0.jar:/home/dayse/.m2/repository/org/apache/camel/camel-xml-jaxp-util/4.11.0/camel-xml-jaxp-util-4.11.0.jar:/home/dayse/.m2/repository/org/apache/camel/camel-xml-io-util/4.11.0/camel-xml-io-util-4.11.0.jar:/home/dayse/.m2/repository/org/apache/camel/springboot/camel-activemq-starter/4.11.0/camel-activemq-starter-4.11.0.jar:/home/dayse/.m2/repository/org/apache/camel/camel-activemq/4.11.0/camel-activemq-4.11.0.jar:/home/dayse/.m2/repository/org/apache/camel/camel-jms/4.11.0/camel-jms-4.11.0.jar:/home/dayse/.m2/repository/org/springframework/spring-jms/6.2.6/spring-jms-6.2.6.jar:/home/dayse/.m2/repository/org/springframework/spring-messaging/6.2.6/spring-messaging-6.2.6.jar:/home/dayse/.m2/repository/jakarta/jms/jakarta.jms-api/3.1.0/jakarta.jms-api-3.1.0.jar:/home/dayse/.m2/repository/org/apache/activemq/activemq-client-jakarta/5.19.0/activemq-client-jakarta-5.19.0.jar:/home/dayse/.m2/repository/org/fusesource/hawtbuf/hawtbuf/1.11/hawtbuf-1.11.jar:/home/dayse/.m2/repository/org/springframework/boot/spring-boot-devtools/3.4.5/spring-boot-devtools-3.4.5.jar:/home/dayse/.m2/repository/org/springframework/boot/spring-boot/3.4.5/spring-boot-3.4.5.jar:/home/dayse/.m2/repository/org/springframework/boot/spring-boot-autoconfigure/3.4.5/spring-boot-autoconfigure-3.4.5.jar:/home/dayse/.m2/repository/org/springframework/boot/spring-boot-starter-test/3.4.5/spring-boot-starter-test-3.4.5.jar:/home/dayse/.m2/repository/org/springframework/boot/spring-boot-test/3.4.5/spring-boot-test-3.4.5.jar:/home/dayse/.m2/repository/org/springframework/boot/spring-boot-test-autoconfigure/3.4.5/spring-boot-test-autoconfigure-3.4.5.jar:/home/dayse/.m2/repository/com/jayway/jsonpath/json-path/2.9.0/json-path-2.9.0.jar:/home/dayse/.m2/repository/org/slf4j/slf4j-api/2.0.17/slf4j-api-2.0.17.jar:/home/dayse/.m2/repository/jakarta/xml/bind/jakarta.xml.bind-api/4.0.2/jakarta.xml.bind-api-4.0.2.jar:/home/dayse/.m2/repository/jakarta/activation/jakarta.activation-api/2.1.3/jakarta.activation-api-2.1.3.jar:/home/dayse/.m2/repository/net/minidev/json-smart/2.5.2/json-smart-2.5.2.jar:/home/dayse/.m2/repository/net/minidev/accessors-smart/2.5.2/accessors-smart-2.5.2.jar:/home/dayse/.m2/repository/org/ow2/asm/asm/9.7.1/asm-9.7.1.jar:/home/dayse/.m2/repository/org/assertj/assertj-core/3.26.3/assertj-core-3.26.3.jar:/home/dayse/.m2/repository/net/bytebuddy/byte-buddy/1.15.11/byte-buddy-1.15.11.jar:/home/dayse/.m2/repository/org/awaitility/awaitility/4.2.2/awaitility-4.2.2.jar:/home/dayse/.m2/repository/org/hamcrest/hamcrest/2.2/hamcrest-2.2.jar:/home/dayse/.m2/repository/org/junit/jupiter/junit-jupiter/5.11.4/junit-jupiter-5.11.4.jar:/home/dayse/.m2/repository/org/junit/jupiter/junit-jupiter-api/5.11.4/junit-jupiter-api-5.11.4.jar:/home/dayse/.m2/repository/org/opentest4j/opentest4j/1.3.0/opentest4j-1.3.0.jar:/home/dayse/.m2/repository/org/junit/platform/junit-platform-commons/1.11.4/junit-platform-commons-1.11.4.jar:/home/dayse/.m2/repository/org/apiguardian/apiguardian-api/1.1.2/apiguardian-api-1.1.2.jar:/home/dayse/.m2/repository/org/junit/jupiter/junit-jupiter-params/5.11.4/junit-jupiter-params-5.11.4.jar:/home/dayse/.m2/repository/org/junit/jupiter/junit-jupiter-engine/5.11.4/junit-jupiter-engine-5.11.4.jar:/home/dayse/.m2/repository/org/junit/platform/junit-platform-engine/1.11.4/junit-platform-engine-1.11.4.jar:/home/dayse/.m2/repository/org/mockito/mockito-core/5.14.2/mockito-core-5.14.2.jar:/home/dayse/.m2/repository/net/bytebuddy/byte-buddy-agent/1.15.11/byte-buddy-agent-1.15.11.jar:/home/dayse/.m2/repository/org/objenesis/objenesis/3.3/objenesis-3.3.jar:/home/dayse/.m2/repository/org/mockito/mockito-junit-jupiter/5.14.2/mockito-junit-jupiter-5.14.2.jar:/home/dayse/.m2/repository/org/skyscreamer/jsonassert/1.5.3/jsonassert-1.5.3.jar:/home/dayse/.m2/repository/com/vaadin/external/google/android-json/0.0.20131108.vaadin1/android-json-0.0.20131108.vaadin1.jar:/home/dayse/.m2/repository/org/springframework/spring-core/6.2.6/spring-core-6.2.6.jar:/home/dayse/.m2/repository/org/springframework/spring-jcl/6.2.6/spring-jcl-6.2.6.jar:/home/dayse/.m2/repository/org/springframework/spring-test/6.2.6/spring-test-6.2.6.jar:/home/dayse/.m2/repository/org/xmlunit/xmlunit-core/2.10.0/xmlunit-core-2.10.0.jar:"/>
    <property name="sun.cpu.endian" value="little"/>
    <property name="user.home" value="/home/dayse"/>
    <property name="user.language" value="pt"/>
    <property name="java.specification.vendor" value="Oracle Corporation"/>
    <property name="java.version.date" value="2025-01-21"/>
    <property name="java.home" value="/usr/lib/jvm/java-17-openjdk-amd64"/>
    <property name="file.separator" value="/"/>
    <property name="basedir" value="/home/dayse/Documentos/workspaces/projeto-camel-a-b/projeto-camel-b"/>
    <property name="java.vm.compressedOopsMode" value="Zero based"/>
    <property name="line.separator" value="&#10;"/>
    <property name="java.specification.name" value="Java Platform API Specification"/>
    <property name="java.vm.specification.vendor" value="Oracle Corporation"/>
    <property name="FILE_LOG_CHARSET" value="UTF-8"/>
    <property name="java.awt.headless" value="true"/>
    <property name="surefire.real.class.path" value="/home/dayse/Documentos/workspaces/projeto-camel-a-b/projeto-camel-b/target/surefire/surefirebooter-20250505141517261_3.jar"/>
    <property name="sun.management.compiler" value="HotSpot 64-Bit Tiered Compilers"/>
    <property name="java.runtime.version" value="17.0.14+7-Ubuntu-124.04"/>
    <property name="user.name" value="dayse"/>
    <property name="path.separator" value=":"/>
    <property name="os.version" value="6.11.0-24-generic"/>
    <property name="java.runtime.name" value="OpenJDK Runtime Environment"/>
    <property name="file.encoding" value="UTF-8"/>
    <property name="java.vm.name" value="OpenJDK 64-Bit Server VM"/>
    <property name="localRepository" value="/home/dayse/.m2/repository"/>
    <property name="java.vendor.url.bug" value="https://bugs.launchpad.net/ubuntu/+source/openjdk-17"/>
    <property name="java.io.tmpdir" value="/tmp"/>
    <property name="java.version" value="17.0.14"/>
    <property name="user.dir" value="/home/dayse/Documentos/workspaces/projeto-camel-a-b/projeto-camel-b"/>
    <property name="os.arch" value="amd64"/>
    <property name="java.vm.specification.name" value="Java Virtual Machine Specification"/>
    <property name="PID" value="182621"/>
    <property name="CONSOLE_LOG_CHARSET" value="UTF-8"/>
    <property name="native.encoding" value="UTF-8"/>
    <property name="java.library.path" value="/usr/java/packages/lib:/usr/lib/x86_64-linux-gnu/jni:/lib/x86_64-linux-gnu:/usr/lib/x86_64-linux-gnu:/usr/lib/jni:/lib:/usr/lib"/>
    <property name="java.vm.info" value="mixed mode, sharing"/>
    <property name="java.vendor" value="Ubuntu"/>
    <property name="java.vm.version" value="17.0.14+7-Ubuntu-124.04"/>
    <property name="java.specification.maintenance.version" value="1"/>
    <property name="sun.io.unicode.encoding" value="UnicodeLittle"/>
    <property name="java.class.version" value="61.0"/>
    <property name="LOGGED_APPLICATION_NAME" value="[camel-microservice-b] "/>
  </properties>
  <testcase name="contextLoads" classname="com.in28minutes.microservices.camel_microservice_b.CamelMicroserviceBApplicationTests" time="0.484">
    <system-out><![CDATA[14:15:17.717 [main] INFO org.springframework.test.context.support.AnnotationConfigContextLoaderUtils -- Could not detect default configuration classes for test class [com.in28minutes.microservices.camel_microservice_b.CamelMicroserviceBApplicationTests]: CamelMicroserviceBApplicationTests does not declare any static, non-private, non-final, nested classes annotated with @Configuration.
14:15:17.795 [main] INFO org.springframework.boot.test.context.SpringBootTestContextBootstrapper -- Found @SpringBootConfiguration com.in28minutes.microservices.camel_microservice_b.CamelMicroserviceBApplication for test class com.in28minutes.microservices.camel_microservice_b.CamelMicroserviceBApplicationTests
14:15:17.892 [main] INFO org.springframework.boot.devtools.restart.RestartApplicationListener -- Restart disabled due to context in which it is running

  .   ____          _            __ _ _
 /\\ / ___'_ __ _ _(_)_ __  __ _ \ \ \ \
( ( )\___ | '_ | '_| | '_ \/ _` | \ \ \ \
 \\/  ___)| |_)| | | | | || (_| |  ) ) ) )
  '  |____| .__|_| |_|_| |_\__, | / / / /
 =========|_|==============|___/=/_/_/_/

 :: Spring Boot ::                (v3.4.5)

2025-05-05T14:15:18.095-03:00  INFO 182621 --- [camel-microservice-b] [           main] i.m.c.CamelMicroserviceBApplicationTests : Starting CamelMicroserviceBApplicationTests using Java 17.0.14 with PID 182621 (started by dayse in /home/dayse/Documentos/workspaces/projeto-camel-a-b/projeto-camel-b)
2025-05-05T14:15:18.096-03:00  INFO 182621 --- [camel-microservice-b] [           main] i.m.c.CamelMicroserviceBApplicationTests : No active profile set, falling back to 1 default profile: "default"
2025-05-05T14:15:19.392-03:00  INFO 182621 --- [camel-microservice-b] [           main] o.s.b.a.e.web.EndpointLinksResolver      : Exposing 1 endpoint beneath base path '/actuator'
2025-05-05T14:15:19.573-03:00  INFO 182621 --- [camel-microservice-b] [           main] o.a.c.impl.engine.AbstractCamelContext   : Apache Camel 4.11.0 (camel-1) is starting
2025-05-05T14:15:19.728-03:00  INFO 182621 --- [camel-microservice-b] [           main] o.a.c.impl.engine.AbstractCamelContext   : Routes startup (total:1)
2025-05-05T14:15:19.729-03:00  INFO 182621 --- [camel-microservice-b] [           main] o.a.c.impl.engine.AbstractCamelContext   :     Started route1 (activemq://my-activemq-queue)
2025-05-05T14:15:19.729-03:00  INFO 182621 --- [camel-microservice-b] [           main] o.a.c.impl.engine.AbstractCamelContext   : Apache Camel 4.11.0 (camel-1) started in 154ms (build:0ms init:0ms start:154ms boot:808ms)
2025-05-05T14:15:19.732-03:00  INFO 182621 --- [camel-microservice-b] [           main] i.m.c.CamelMicroserviceBApplicationTests : Started CamelMicroserviceBApplicationTests in 1.849 seconds (process running for 2.42)
2025-05-05T14:15:19.784-03:00  INFO 182621 --- [camel-microservice-b] [activemq-queue]] received-message-from-active-mq          : Exchange[ExchangePattern: InOnly, BodyType: String, Body: My messege for Active MQ]
2025-05-05T14:15:19.794-03:00  INFO 182621 --- [camel-microservice-b] [activemq-queue]] received-message-from-active-mq          : Exchange[ExchangePattern: InOnly, BodyType: String, Body: My messege for Active MQ]
2025-05-05T14:15:19.795-03:00  INFO 182621 --- [camel-microservice-b] [activemq-queue]] received-message-from-active-mq          : Exchange[ExchangePattern: InOnly, BodyType: String, Body: My messege for Active MQ]
2025-05-05T14:15:19.796-03:00  INFO 182621 --- [camel-microservice-b] [activemq-queue]] received-message-from-active-mq          : Exchange[ExchangePattern: InOnly, BodyType: String, Body: My messege for Active MQ]
2025-05-05T14:15:19.797-03:00  INFO 182621 --- [camel-microservice-b] [activemq-queue]] received-message-from-active-mq          : Exchange[ExchangePattern: InOnly, BodyType: String, Body: My messege for Active MQ]
2025-05-05T14:15:19.797-03:00  INFO 182621 --- [camel-microservice-b] [activemq-queue]] received-message-from-active-mq          : Exchange[ExchangePattern: InOnly, BodyType: String, Body: My messege for Active MQ]
2025-05-05T14:15:19.797-03:00  INFO 182621 --- [camel-microservice-b] [activemq-queue]] received-message-from-active-mq          : Exchange[ExchangePattern: InOnly, BodyType: String, Body: My messege for Active MQ]
2025-05-05T14:15:19.798-03:00  INFO 182621 --- [camel-microservice-b] [activemq-queue]] received-message-from-active-mq          : Exchange[ExchangePattern: InOnly, BodyType: String, Body: My messege for Active MQ]
2025-05-05T14:15:19.799-03:00  INFO 182621 --- [camel-microservice-b] [activemq-queue]] received-message-from-active-mq          : Exchange[ExchangePattern: InOnly, BodyType: String, Body: My messege for Active MQ]
2025-05-05T14:15:19.800-03:00  INFO 182621 --- [camel-microservice-b] [activemq-queue]] received-message-from-active-mq          : Exchange[ExchangePattern: InOnly, BodyType: String, Body: My messege for Active MQ]
2025-05-05T14:15:19.802-03:00  INFO 182621 --- [camel-microservice-b] [activemq-queue]] received-message-from-active-mq          : Exchange[ExchangePattern: InOnly, BodyType: String, Body: My messege for Active MQ]
2025-05-05T14:15:19.803-03:00  INFO 182621 --- [camel-microservice-b] [activemq-queue]] received-message-from-active-mq          : Exchange[ExchangePattern: InOnly, BodyType: String, Body: My messege for Active MQ]
2025-05-05T14:15:19.804-03:00  INFO 182621 --- [camel-microservice-b] [activemq-queue]] received-message-from-active-mq          : Exchange[ExchangePattern: InOnly, BodyType: String, Body: My messege for Active MQ]
2025-05-05T14:15:19.805-03:00  INFO 182621 --- [camel-microservice-b] [activemq-queue]] received-message-from-active-mq          : Exchange[ExchangePattern: InOnly, BodyType: String, Body: My messege for Active MQ]
2025-05-05T14:15:19.806-03:00  INFO 182621 --- [camel-microservice-b] [activemq-queue]] received-message-from-active-mq          : Exchange[ExchangePattern: InOnly, BodyType: String, Body: My messege for Active MQ]
2025-05-05T14:15:19.807-03:00  INFO 182621 --- [camel-microservice-b] [activemq-queue]] received-message-from-active-mq          : Exchange[ExchangePattern: InOnly, BodyType: String, Body: My messege for Active MQ]
2025-05-05T14:15:19.808-03:00  INFO 182621 --- [camel-microservice-b] [activemq-queue]] received-message-from-active-mq          : Exchange[ExchangePattern: InOnly, BodyType: String, Body: My messege for Active MQ]
2025-05-05T14:15:19.809-03:00  INFO 182621 --- [camel-microservice-b] [activemq-queue]] received-message-from-active-mq          : Exchange[ExchangePattern: InOnly, BodyType: String, Body: My messege for Active MQ]
2025-05-05T14:15:19.810-03:00  INFO 182621 --- [camel-microservice-b] [activemq-queue]] received-message-from-active-mq          : Exchange[ExchangePattern: InOnly, BodyType: String, Body: My messege for Active MQ]
2025-05-05T14:15:19.810-03:00  INFO 182621 --- [camel-microservice-b] [activemq-queue]] received-message-from-active-mq          : Exchange[ExchangePattern: InOnly, BodyType: String, Body: My messege for Active MQ]
2025-05-05T14:15:19.811-03:00  INFO 182621 --- [camel-microservice-b] [activemq-queue]] received-message-from-active-mq          : Exchange[ExchangePattern: InOnly, BodyType: String, Body: My messege for Active MQ]
2025-05-05T14:15:19.811-03:00  INFO 182621 --- [camel-microservice-b] [activemq-queue]] received-message-from-active-mq          : Exchange[ExchangePattern: InOnly, BodyType: String, Body: My messege for Active MQ]
2025-05-05T14:15:19.812-03:00  INFO 182621 --- [camel-microservice-b] [activemq-queue]] received-message-from-active-mq          : Exchange[ExchangePattern: InOnly, BodyType: String, Body: My messege for Active MQ]
2025-05-05T14:15:19.813-03:00  INFO 182621 --- [camel-microservice-b] [activemq-queue]] received-message-from-active-mq          : Exchange[ExchangePattern: InOnly, BodyType: String, Body: My messege for Active MQ]
2025-05-05T14:15:19.813-03:00  INFO 182621 --- [camel-microservice-b] [activemq-queue]] received-message-from-active-mq          : Exchange[ExchangePattern: InOnly, BodyType: String, Body: My messege for Active MQ]
2025-05-05T14:15:19.814-03:00  INFO 182621 --- [camel-microservice-b] [activemq-queue]] received-message-from-active-mq          : Exchange[ExchangePattern: InOnly, BodyType: String, Body: My messege for Active MQ]
2025-05-05T14:15:19.814-03:00  INFO 182621 --- [camel-microservice-b] [activemq-queue]] received-message-from-active-mq          : Exchange[ExchangePattern: InOnly, BodyType: String, Body: My messege for Active MQ]
2025-05-05T14:15:19.816-03:00  INFO 182621 --- [camel-microservice-b] [activemq-queue]] received-message-from-active-mq          : Exchange[ExchangePattern: InOnly, BodyType: String, Body: My messege for Active MQ]
2025-05-05T14:15:19.817-03:00  INFO 182621 --- [camel-microservice-b] [activemq-queue]] received-message-from-active-mq          : Exchange[ExchangePattern: InOnly, BodyType: String, Body: My messege for Active MQ]
2025-05-05T14:15:19.817-03:00  INFO 182621 --- [camel-microservice-b] [activemq-queue]] received-message-from-active-mq          : Exchange[ExchangePattern: InOnly, BodyType: String, Body: My messege for Active MQ]
2025-05-05T14:15:19.818-03:00  INFO 182621 --- [camel-microservice-b] [activemq-queue]] received-message-from-active-mq          : Exchange[ExchangePattern: InOnly, BodyType: String, Body: My messege for Active MQ]
2025-05-05T14:15:19.820-03:00  INFO 182621 --- [camel-microservice-b] [activemq-queue]] received-message-from-active-mq          : Exchange[ExchangePattern: InOnly, BodyType: String, Body: My messege for Active MQ]
2025-05-05T14:15:19.822-03:00  INFO 182621 --- [camel-microservice-b] [activemq-queue]] received-message-from-active-mq          : Exchange[ExchangePattern: InOnly, BodyType: String, Body: My messege for Active MQ]
2025-05-05T14:15:19.823-03:00  INFO 182621 --- [camel-microservice-b] [activemq-queue]] received-message-from-active-mq          : Exchange[ExchangePattern: InOnly, BodyType: String, Body: My messege for Active MQ]
2025-05-05T14:15:19.824-03:00  INFO 182621 --- [camel-microservice-b] [activemq-queue]] received-message-from-active-mq          : Exchange[ExchangePattern: InOnly, BodyType: String, Body: My messege for Active MQ]
2025-05-05T14:15:19.826-03:00  INFO 182621 --- [camel-microservice-b] [activemq-queue]] received-message-from-active-mq          : Exchange[ExchangePattern: InOnly, BodyType: String, Body: My messege for Active MQ]
2025-05-05T14:15:19.826-03:00  INFO 182621 --- [camel-microservice-b] [activemq-queue]] received-message-from-active-mq          : Exchange[ExchangePattern: InOnly, BodyType: String, Body: My messege for Active MQ]
2025-05-05T14:15:19.827-03:00  INFO 182621 --- [camel-microservice-b] [activemq-queue]] received-message-from-active-mq          : Exchange[ExchangePattern: InOnly, BodyType: String, Body: My messege for Active MQ]
2025-05-05T14:15:19.827-03:00  INFO 182621 --- [camel-microservice-b] [activemq-queue]] received-message-from-active-mq          : Exchange[ExchangePattern: InOnly, BodyType: String, Body: My messege for Active MQ]
2025-05-05T14:15:19.828-03:00  INFO 182621 --- [camel-microservice-b] [activemq-queue]] received-message-from-active-mq          : Exchange[ExchangePattern: InOnly, BodyType: String, Body: My messege for Active MQ]
2025-05-05T14:15:19.828-03:00  INFO 182621 --- [camel-microservice-b] [activemq-queue]] received-message-from-active-mq          : Exchange[ExchangePattern: InOnly, BodyType: String, Body: My messege for Active MQ]
2025-05-05T14:15:19.829-03:00  INFO 182621 --- [camel-microservice-b] [activemq-queue]] received-message-from-active-mq          : Exchange[ExchangePattern: InOnly, BodyType: String, Body: My messege for Active MQ]
2025-05-05T14:15:19.829-03:00  INFO 182621 --- [camel-microservice-b] [activemq-queue]] received-message-from-active-mq          : Exchange[ExchangePattern: InOnly, BodyType: String, Body: My messege for Active MQ]
2025-05-05T14:15:19.830-03:00  INFO 182621 --- [camel-microservice-b] [activemq-queue]] received-message-from-active-mq          : Exchange[ExchangePattern: InOnly, BodyType: String, Body: My messege for Active MQ]
2025-05-05T14:15:19.830-03:00  INFO 182621 --- [camel-microservice-b] [activemq-queue]] received-message-from-active-mq          : Exchange[ExchangePattern: InOnly, BodyType: String, Body: My messege for Active MQ]
2025-05-05T14:15:19.831-03:00  INFO 182621 --- [camel-microservice-b] [activemq-queue]] received-message-from-active-mq          : Exchange[ExchangePattern: InOnly, BodyType: String, Body: My messege for Active MQ]
2025-05-05T14:15:19.832-03:00  INFO 182621 --- [camel-microservice-b] [activemq-queue]] received-message-from-active-mq          : Exchange[ExchangePattern: InOnly, BodyType: String, Body: My messege for Active MQ]
2025-05-05T14:15:19.832-03:00  INFO 182621 --- [camel-microservice-b] [activemq-queue]] received-message-from-active-mq          : Exchange[ExchangePattern: InOnly, BodyType: String, Body: My messege for Active MQ]
2025-05-05T14:15:19.833-03:00  INFO 182621 --- [camel-microservice-b] [activemq-queue]] received-message-from-active-mq          : Exchange[ExchangePattern: InOnly, BodyType: String, Body: My messege for Active MQ]
]]></system-out>
  </testcase>
</testsuite>